<?xml version="1.0" encoding="UTF-8"?>
<testsuite name="com.example.calculadoraiphone.UseCasesTest" tests="7" skipped="0" failures="0" errors="0" timestamp="2022-05-30T01:37:31" hostname="ASUS-MySefer" time="0.03">
  <properties/>
  <testcase name="Operações Básicas - Multiplicação" classname="com.example.calculadoraiphone.UseCasesTest" time="0.028"/>
  <testcase name="Operações Básicas - Subtração" classname="com.example.calculadoraiphone.UseCasesTest" time="0.0"/>
  <testcase name="Validar Número, Virgula e Ponto" classname="com.example.calculadoraiphone.UseCasesTest" time="0.001"/>
  <testcase name="Operações Básicas - Divisão" classname="com.example.calculadoraiphone.UseCasesTest" time="0.0"/>
  <testcase name="Porcentagem" classname="com.example.calculadoraiphone.UseCasesTest" time="0.0"/>
  <testcase name="Operações Básicas - Soma" classname="com.example.calculadoraiphone.UseCasesTest" time="0.0"/>
  <testcase name="Mais ou Menos" classname="com.example.calculadoraiphone.UseCasesTest" time="0.0"/>
  <system-out><![CDATA[]]></system-out>
  <system-err><![CDATA[]]></system-err>
</testsuite>
